<?xml version="1.0" encoding="UTF-8"?>
<!-- Generated by org.testng.reporters.JUnitReportReporter -->
<testsuite hostname="DESKTOP-7PKD45A" failures="0" tests="2" name="com.mystore.testcase.IndexPageTest" time="15.887" errors="0" timestamp="2024-11-01T11:29:49 IST" skipped="0">
  <testcase classname="com.mystore.testcase.IndexPageTest" name="verifyTitle" time="7.707"/>
  <system-out/>
  <testcase classname="com.mystore.testcase.IndexPageTest" name="verifyLogo" time="8.180"/>
  <system-out/>
</testsuite> <!-- com.mystore.testcase.IndexPageTest -->
