<?xml version="1.0" encoding="UTF-8"?>
<!-- Generated by org.testng.reporters.JUnitReportReporter -->
<testsuite hostname="DESKTOP-7PKD45A" failures="0" tests="1" name="com.mystore.testcase.SearchResultPageTest" time="11.017" errors="0" timestamp="2024-11-01T11:29:49 IST" skipped="0">
  <testcase classname="com.mystore.testcase.SearchResultPageTest" name="productAvailabilityTest" time="11.017"/>
  <system-out/>
</testsuite> <!-- com.mystore.testcase.SearchResultPageTest -->
